\BOOKMARK [0][-]{section*.7}{\376\377\000I\000n\000t\000r\000o\000d\000u\000c\000t\000i\000o\000n}{}% 1
\BOOKMARK [0][-]{chapter.1}{\376\377\000T\000h\000e\000o\000r\000e\000t\000i\000c\000a\000l\000\040\000b\000a\000c\000k\000g\000r\000o\000u\000n\000d}{}% 2
\BOOKMARK [1][-]{section.1.1}{\376\377\000N\000e\000e\000d\000\040\000f\000o\000r\000\040\000n\000e\000w\000\040\000t\000e\000c\000h\000n\000o\000l\000o\000g\000i\000e\000s\000\040\000t\000o\000\040\000r\000e\000d\000u\000c\000e\000\040\000r\000e\000l\000i\000a\000n\000c\000e\000\040\000o\000n\000\040\000f\000o\000s\000s\000i\000l\000-\000b\000a\000s\000e\000d\000\040\000r\000e\000s\000o\000u\000r\000c\000e\000s}{chapter.1}% 3
\BOOKMARK [1][-]{section.1.2}{\376\377\000R\000h\000o\000d\000o\000t\000o\000r\000u\000l\000a\000\040\000t\000o\000r\000u\000l\000o\000i\000d\000e\000s}{chapter.1}% 4
\BOOKMARK [1][-]{section.1.3}{\376\377\000O\000v\000e\000r\000v\000i\000e\000w\000\040\000o\000f\000\040\000c\000e\000l\000l\000u\000l\000a\000r\000\040\000g\000r\000o\000w\000t\000h\000\040\000l\000a\000w\000s}{chapter.1}% 5
\BOOKMARK [1][-]{section.1.4}{\376\377\000O\000v\000e\000r\000v\000i\000e\000w\000\040\000o\000f\000\040\000m\000i\000c\000r\000o\000b\000i\000a\000l\000\040\000c\000u\000l\000t\000i\000v\000a\000t\000i\000o\000n\000\040\000m\000e\000t\000h\000o\000d\000s}{chapter.1}% 6
\BOOKMARK [1][-]{section.1.5}{\376\377\000G\000e\000n\000o\000m\000e\000-\000s\000c\000a\000l\000e\000\040\000m\000e\000t\000a\000b\000o\000l\000i\000c\000\040\000m\000o\000d\000e\000l\000i\000n\000g}{chapter.1}% 7
\BOOKMARK [2][-]{subsection.1.5.1}{\376\377\000C\000o\000n\000s\000t\000r\000a\000i\000n\000t\000-\000b\000a\000s\000e\000d\000\040\000m\000o\000d\000e\000l\000i\000n\000g}{section.1.5}% 8
\BOOKMARK [2][-]{subsection.1.5.2}{\376\377\000F\000l\000u\000x\000\040\000b\000a\000l\000a\000n\000c\000e\000\040\000a\000n\000a\000l\000y\000s\000i\000s}{section.1.5}% 9
\BOOKMARK [2][-]{subsection.1.5.3}{\376\377\000L\000i\000m\000i\000t\000a\000t\000i\000o\000n\000s}{section.1.5}% 10
\BOOKMARK [1][-]{section.1.6}{\376\377\000G\000e\000n\000o\000m\000e\000-\000s\000c\000a\000l\000e\000\040\000m\000e\000t\000a\000b\000o\000l\000i\000c\000\040\000m\000o\000d\000e\000l\000s\000\040\000o\000f\000\040\000R\000h\000o\000d\000o\000t\000o\000r\000u\000l\000a\000\040\000t\000o\000r\000u\000l\000o\000i\000d\000e\000s}{chapter.1}% 11
\BOOKMARK [2][-]{subsection.1.6.1}{\376\377\000r\000h\000t\000o\000-\000G\000E\000M}{section.1.6}% 12
\BOOKMARK [2][-]{subsection.1.6.2}{\376\377\000i\000R\000h\000t\000o\0001\0001\0000\0008}{section.1.6}% 13
\BOOKMARK [2][-]{subsection.1.6.3}{\376\377\000R\000t\000\137\000I\000F\000O\0000\0008\0008\0000}{section.1.6}% 14
\BOOKMARK [2][-]{subsection.1.6.4}{\376\377\000R\000t\000\137\000I\000F\000O\0000\0008\0008\0000\000\137\000L\000E\000B\000p\0002\0000\0002\0003}{section.1.6}% 15
\BOOKMARK [2][-]{subsection.1.6.5}{\376\377\000C\000o\000m\000p\000a\000r\000i\000s\000o\000n\000\040\000o\000f\000\040\000t\000h\000e\000\040\000m\000o\000d\000e\000l\000s}{section.1.6}% 16
\BOOKMARK [0][-]{chapter.2}{\376\377\000A\000i\000m\000s\000\040\000o\000f\000\040\000t\000h\000e\000\040\000t\000h\000e\000s\000i\000s}{}% 17
\BOOKMARK [0][-]{chapter.3}{\376\377\000M\000e\000t\000h\000o\000d\000s}{}% 18
\BOOKMARK [1][-]{section.3.1}{\376\377\000C\000r\000i\000t\000e\000r\000i\000a\000\040\000f\000o\000r\000\040\000s\000e\000l\000e\000c\000t\000i\000n\000g\000\040\000e\000x\000p\000e\000r\000i\000m\000e\000n\000t\000a\000l\000\040\000d\000a\000t\000a}{chapter.3}% 19
\BOOKMARK [1][-]{section.3.2}{\376\377\000B\000i\000o\000m\000a\000s\000s\000\040\000i\000n\000t\000e\000g\000r\000a\000t\000i\000o\000n\000\040\000t\000o\000\040\000t\000h\000e\000\040\000m\000o\000d\000e\000l}{chapter.3}% 20
\BOOKMARK [1][-]{section.3.3}{\376\377\000F\000l\000u\000x\000\040\000b\000a\000l\000a\000n\000c\000e\000\040\000a\000n\000a\000l\000y\000s\000i\000s\000\040\000a\000n\000d\000\040\000s\000a\000m\000p\000l\000i\000n\000g\000\040\000o\000f\000\040\000t\000h\000e\000\040\000s\000o\000l\000u\000t\000i\000o\000n\000\040\000s\000p\000a\000c\000e}{chapter.3}% 21
\BOOKMARK [0][-]{chapter.4}{\376\377\000R\000e\000s\000u\000l\000t\000s}{}% 22
\BOOKMARK [0][-]{chapter.5}{\376\377\000C\000o\000n\000c\000l\000u\000s\000i\000o\000n}{}% 23
\BOOKMARK [0][-]{section*.9}{\376\377\000S\000u\000m\000m\000a\000r\000y}{}% 24
\BOOKMARK [0][-]{section*.11}{\376\377\000A\000c\000k\000n\000o\000w\000l\000e\000d\000g\000e\000m\000e\000n\000t\000s}{}% 25
\BOOKMARK [0][-]{section*.13}{\376\377\000R\000e\000f\000e\000r\000e\000n\000c\000e\000s}{}% 26
\BOOKMARK [0][-]{appendix.A}{\376\377\000G\000e\000n\000o\000m\000e\000-\000s\000c\000a\000l\000e\000\040\000m\000e\000t\000a\000b\000o\000l\000i\000c\000\040\000m\000o\000d\000e\000l\000\040\000r\000e\000c\000o\000n\000s\000t\000r\000u\000c\000t\000i\000o\000n}{}% 27
